13:40:58 INFO Configuration:
name: wcnf_demo
seed: 1

log_level: info
report_interval: 10
eval_interval: 50
save_interval: 50

data_path: /pub/ssd/yef
train_sets:
  - name: train_sample
    samples: 10
    max_tries: 5
    max_flips: 50
    iterations: 1000

eval_set:
  name: eval_sample
  samples: 10
  max_tries: 10
  max_flips: 200

model_path: False

gnn_hidden_size: 32
readout_hidden_size: 64

cycles: 1
optimizer: RMSprop
lr: 0.0005
lr_milestones: [200, 500, 1000, 5000]
lr_decay: 0.5

method: reinforce
discount: 0.25
walk_prob: 0.5

13:40:58 INFO Device: cpu
13:40:59 INFO Loaded 2 training problems from /pub/ssd/yef
13:40:59 INFO Loaded 2 evaluation problems from /pub/ssd/yef
13:40:59 INFO Cycle: 1
13:40:59 INFO Train set: train_sample
13:41:12 INFO (Eval)    Acc:     100.00,  Flips:       4.25 (med) /       6.25 (mean) /      18.00 (max)
13:41:12 INFO Saving best model parameters
13:42:05 INFO Iter:     10,  Acc:      50.00,  Flips:      25.00 (med) /      25.00 (mean) /      25.00 (max)
13:42:33 INFO Iter:     20,  Acc:      50.00,  Flips:      25.00 (med) /      25.00 (mean) /      25.00 (max)
13:42:59 INFO Iter:     30,  Acc:      50.00,  Flips:      25.00 (med) /      25.00 (mean) /      25.00 (max)
13:43:24 INFO Iter:     40,  Acc:      50.00,  Flips:      25.00 (med) /      25.00 (mean) /      25.00 (max)
13:43:52 INFO Iter:     50,  Acc:      50.00,  Flips:      25.00 (med) /      25.00 (mean) /      25.00 (max)
13:43:52 INFO Saving last model parameters
13:43:52 INFO Saving stats
13:43:58 INFO (Eval)    Acc:     100.00,  Flips:       3.25 (med) /       4.05 (mean) /      11.50 (max)
13:43:58 INFO Saving best model parameters
13:44:24 INFO Iter:     60,  Acc:      50.00,  Flips:      25.00 (med) /      25.00 (mean) /      25.00 (max)
13:44:50 INFO Iter:     70,  Acc:      50.00,  Flips:      25.00 (med) /      25.00 (mean) /      25.00 (max)
13:45:18 INFO Iter:     80,  Acc:      50.00,  Flips:      25.00 (med) /      25.00 (mean) /      25.00 (max)
13:45:43 INFO Iter:     90,  Acc:      50.00,  Flips:      25.00 (med) /      25.00 (mean) /      25.00 (max)
13:46:07 INFO Iter:    100,  Acc:      50.00,  Flips:      25.00 (med) /      25.00 (mean) /      25.00 (max)
13:46:07 INFO Saving last model parameters
13:46:07 INFO Saving stats
13:46:14 INFO (Eval)    Acc:     100.00,  Flips:       4.75 (med) /       7.00 (mean) /      25.00 (max)
13:46:40 INFO Iter:    110,  Acc:      50.00,  Flips:      25.00 (med) /      25.00 (mean) /      25.00 (max)
13:47:05 INFO Iter:    120,  Acc:      50.00,  Flips:      25.00 (med) /      25.00 (mean) /      25.00 (max)
13:47:31 INFO Iter:    130,  Acc:      50.00,  Flips:      25.00 (med) /      25.00 (mean) /      25.00 (max)
13:48:00 INFO Iter:    140,  Acc:      50.00,  Flips:      25.00 (med) /      25.00 (mean) /      25.00 (max)
13:48:26 INFO Iter:    150,  Acc:      50.00,  Flips:      25.00 (med) /      25.00 (mean) /      25.00 (max)
13:48:26 INFO Saving last model parameters
13:48:26 INFO Saving stats
13:48:30 INFO (Eval)    Acc:     100.00,  Flips:       3.75 (med) /       3.95 (mean) /      10.00 (max)
13:48:58 INFO Iter:    160,  Acc:      50.00,  Flips:      25.00 (med) /      25.00 (mean) /      25.00 (max)
13:49:26 INFO Iter:    170,  Acc:      50.00,  Flips:      25.00 (med) /      25.00 (mean) /      25.00 (max)
13:49:53 INFO Iter:    180,  Acc:      50.00,  Flips:      25.00 (med) /      25.00 (mean) /      25.00 (max)
13:50:19 INFO Iter:    190,  Acc:      50.00,  Flips:      25.00 (med) /      25.00 (mean) /      25.00 (max)
13:50:47 INFO Iter:    200,  Acc:      50.00,  Flips:      25.00 (med) /      25.00 (mean) /      25.00 (max)
13:50:47 INFO Saving last model parameters
13:50:47 INFO Saving stats
13:50:53 INFO (Eval)    Acc:     100.00,  Flips:       4.00 (med) /       5.15 (mean) /      14.50 (max)
13:51:22 INFO Iter:    210,  Acc:      50.00,  Flips:      25.00 (med) /      25.00 (mean) /      25.00 (max)
13:51:49 INFO Iter:    220,  Acc:      50.00,  Flips:      25.00 (med) /      25.00 (mean) /      25.00 (max)
13:52:18 INFO Iter:    230,  Acc:      50.00,  Flips:      25.00 (med) /      25.00 (mean) /      25.00 (max)
13:52:45 INFO Iter:    240,  Acc:      50.00,  Flips:      25.00 (med) /      25.00 (mean) /      25.00 (max)
13:53:13 INFO Iter:    250,  Acc:      50.00,  Flips:      25.00 (med) /      25.00 (mean) /      25.00 (max)
13:53:13 INFO Saving last model parameters
13:53:13 INFO Saving stats
13:53:17 INFO (Eval)    Acc:     100.00,  Flips:       3.00 (med) /       4.10 (mean) /      15.00 (max)
13:53:43 INFO Iter:    260,  Acc:      50.00,  Flips:      25.00 (med) /      25.00 (mean) /      25.00 (max)
